<?xml version="1.0" encoding="UTF-8"?>
<!-- Generated by org.testng.reporters.JUnitReportReporter -->
<testsuite skipped="0" hostname="mindc1d180" name="runner.TestExecution" tests="10" failures="0" timestamp="2022-05-18T23:27:33 IST" time="180.154" errors="0">
  <testcase name="t1" time="26.056" classname="runner.TestExecution"/>
  <system-out/>
  <testcase name="t2" time="16.747" classname="runner.TestExecution"/>
  <system-out/>
  <testcase name="t3" time="14.402" classname="runner.TestExecution"/>
  <system-out/>
  <testcase name="t4" time="9.540" classname="runner.TestExecution"/>
  <system-out/>
  <testcase name="t5" time="33.868" classname="runner.TestExecution"/>
  <system-out/>
  <testcase name="t6" time="33.671" classname="runner.TestExecution"/>
  <system-out/>
  <testcase name="t7" time="20.770" classname="runner.TestExecution"/>
  <system-out/>
  <testcase name="t8" time="9.256" classname="runner.TestExecution"/>
  <system-out/>
  <testcase name="t9" time="9.098" classname="runner.TestExecution"/>
  <system-out/>
  <testcase name="t10" time="6.746" classname="runner.TestExecution"/>
  <system-out/>
</testsuite> <!-- runner.TestExecution -->
