<?xml version="1.0" encoding="UTF-8"?>
<!-- Generated by org.testng.reporters.JUnitReportReporter -->
<testsuite skipped="0" hostname="mindc1d180" name="runner.TestExecution" tests="10" failures="0" timestamp="2022-05-19T00:00:19 IST" time="216.825" errors="0">
  <testcase name="t1" time="27.799" classname="runner.TestExecution"/>
  <system-out/>
  <testcase name="t2" time="24.750" classname="runner.TestExecution"/>
  <system-out/>
  <testcase name="t3" time="13.309" classname="runner.TestExecution"/>
  <system-out/>
  <testcase name="t4" time="11.587" classname="runner.TestExecution"/>
  <system-out/>
  <testcase name="t5" time="39.957" classname="runner.TestExecution"/>
  <system-out/>
  <testcase name="t6" time="44.458" classname="runner.TestExecution"/>
  <system-out/>
  <testcase name="t7" time="27.095" classname="runner.TestExecution"/>
  <system-out/>
  <testcase name="t8" time="9.001" classname="runner.TestExecution"/>
  <system-out/>
  <testcase name="t9" time="9.029" classname="runner.TestExecution"/>
  <system-out/>
  <testcase name="t10" time="9.840" classname="runner.TestExecution"/>
  <system-out/>
</testsuite> <!-- runner.TestExecution -->
